<?xml version="1.0" encoding="UTF-8"?>
<!-- Generated by org.testng.reporters.JUnitXMLReporter -->
<testsuite ignored="0" hostname="DESKTOP-NN7A876" failures="0" tests="3" name="Default test" time="56.614" errors="0" timestamp="24 Apr 2024 09:32:59 GMT">
  <testcase classname="Selenium.selenium" name="logIn" time="38.177"/>
  <testcase classname="Selenium.selenium" name="About" time="13.485"/>
  <testcase classname="Selenium.selenium" name="contact" time="2.665"/>
</testsuite> <!-- Default test -->
