<?xml version="1.0" encoding="UTF-8"?>
<testng-results ignored="0" total="3" passed="3" failed="0" skipped="0">
  <reporter-output>
  </reporter-output>
  <suite started-at="2024-04-24T09:32:03Z" name="Default suite" finished-at="2024-04-24T09:32:59Z" duration-ms="56614">
    <groups>
    </groups>
    <test started-at="2024-04-24T09:32:03Z" name="Default test" finished-at="2024-04-24T09:32:59Z" duration-ms="56614">
      <class name="Selenium.selenium">
        <test-method is-config="true" signature="navigate()[pri:0, instance:Selenium.selenium@5f7f2382]" started-at="2024-04-24T15:02:03Z" name="navigate" finished-at="2024-04-24T15:02:05Z" duration-ms="1872" status="PASS">
          <reporter-output>
          </reporter-output>
        </test-method> <!-- navigate -->
        <test-method signature="logIn()[pri:1, instance:Selenium.selenium@5f7f2382]" started-at="2024-04-24T15:02:05Z" name="logIn" finished-at="2024-04-24T15:02:43Z" duration-ms="38177" status="PASS">
          <reporter-output>
          </reporter-output>
        </test-method> <!-- logIn -->
        <test-method signature="About()[pri:2, instance:Selenium.selenium@5f7f2382]" started-at="2024-04-24T15:02:43Z" name="About" finished-at="2024-04-24T15:02:56Z" duration-ms="13485" status="PASS">
          <reporter-output>
          </reporter-output>
        </test-method> <!-- About -->
        <test-method signature="contact()[pri:3, instance:Selenium.selenium@5f7f2382]" started-at="2024-04-24T15:02:56Z" name="contact" finished-at="2024-04-24T15:02:59Z" duration-ms="2665" status="PASS">
          <reporter-output>
          </reporter-output>
        </test-method> <!-- contact -->
        <test-method is-config="true" signature="close()[pri:0, instance:Selenium.selenium@5f7f2382]" started-at="2024-04-24T15:02:59Z" name="close" finished-at="2024-04-24T15:02:59Z" duration-ms="373" status="PASS">
          <reporter-output>
          </reporter-output>
        </test-method> <!-- close -->
      </class> <!-- Selenium.selenium -->
    </test> <!-- Default test -->
  </suite> <!-- Default suite -->
</testng-results>
